[2024-08-26 22:49:28,359] {taskinstance.py:1179} INFO - Dependencies all met for <TaskInstance: dag_con_conexion_postgres.crear_tabla_postgres manual__2024-08-26T22:49:27.971041+00:00 [queued]>
[2024-08-26 22:49:28,364] {taskinstance.py:1179} INFO - Dependencies all met for <TaskInstance: dag_con_conexion_postgres.crear_tabla_postgres manual__2024-08-26T22:49:27.971041+00:00 [queued]>
[2024-08-26 22:49:28,364] {taskinstance.py:1376} INFO - 
--------------------------------------------------------------------------------
[2024-08-26 22:49:28,364] {taskinstance.py:1377} INFO - Starting attempt 1 of 6
[2024-08-26 22:49:28,364] {taskinstance.py:1378} INFO - 
--------------------------------------------------------------------------------
[2024-08-26 22:49:28,370] {taskinstance.py:1397} INFO - Executing <Task(PostgresOperator): crear_tabla_postgres> on 2024-08-26 22:49:27.971041+00:00
[2024-08-26 22:49:28,373] {standard_task_runner.py:52} INFO - Started process 226 to run task
[2024-08-26 22:49:28,375] {standard_task_runner.py:79} INFO - Running: ['***', 'tasks', 'run', 'dag_con_conexion_postgres', 'crear_tabla_postgres', 'manual__2024-08-26T22:49:27.971041+00:00', '--job-id', '9', '--raw', '--subdir', 'DAGS_FOLDER/dag-postgres.py', '--cfg-path', '/tmp/tmpz4o63fhf', '--error-file', '/tmp/tmpfrynx7k6']
[2024-08-26 22:49:28,375] {standard_task_runner.py:80} INFO - Job 9: Subtask crear_tabla_postgres
[2024-08-26 22:49:28,403] {task_command.py:371} INFO - Running <TaskInstance: dag_con_conexion_postgres.crear_tabla_postgres manual__2024-08-26T22:49:27.971041+00:00 [running]> on host 419b05bd8ee5
[2024-08-26 22:49:28,436] {taskinstance.py:1591} INFO - Exporting the following env vars:
AIRFLOW_CTX_DAG_OWNER=DavidBU
AIRFLOW_CTX_DAG_ID=dag_con_conexion_postgres
AIRFLOW_CTX_TASK_ID=crear_tabla_postgres
AIRFLOW_CTX_EXECUTION_DATE=2024-08-26T22:49:27.971041+00:00
AIRFLOW_CTX_TRY_NUMBER=1
AIRFLOW_CTX_DAG_RUN_ID=manual__2024-08-26T22:49:27.971041+00:00
[2024-08-26 22:49:28,443] {base.py:68} INFO - Using connection ID 'postgres_localhost' for task execution.
[2024-08-26 22:49:28,452] {dbapi.py:231} INFO - Running statement: 
            create table if not exists fin_mundo_fs(
                dt date,
                pais varchar(30)
            )
        , parameters: None
[2024-08-26 22:49:28,467] {taskinstance.py:1420} INFO - Marking task as SUCCESS. dag_id=dag_con_conexion_postgres, task_id=crear_tabla_postgres, execution_date=20240826T224927, start_date=20240826T224928, end_date=20240826T224928
[2024-08-26 22:49:28,515] {local_task_job.py:156} INFO - Task exited with return code 0
[2024-08-26 22:49:28,534] {local_task_job.py:273} INFO - 1 downstream tasks scheduled from follow-on schedule check
