[2024-08-26 22:12:20,932] {manager.py:480} INFO - Processing files using up to 2 processes at a time 
[2024-08-26 22:12:20,933] {manager.py:481} INFO - Process each file at most once every 10 seconds
[2024-08-26 22:12:20,935] {manager.py:483} INFO - Checking for new files in /opt/airflow/dags every 300 seconds
[2024-08-26 22:12:20,939] {manager.py:690} INFO - Searching for files in /opt/airflow/dags
[2024-08-26 22:12:20,944] {manager.py:693} INFO - There are 0 files in /opt/airflow/dags
[2024-08-26 22:17:21,765] {manager.py:690} INFO - Searching for files in /opt/airflow/dags
[2024-08-26 22:17:21,772] {manager.py:693} INFO - There are 0 files in /opt/airflow/dags
[2024-08-26 22:22:22,477] {manager.py:690} INFO - Searching for files in /opt/airflow/dags
[2024-08-26 22:22:22,483] {manager.py:693} INFO - There are 0 files in /opt/airflow/dags
[2024-08-26 22:27:23,206] {manager.py:690} INFO - Searching for files in /opt/airflow/dags
[2024-08-26 22:27:23,217] {manager.py:693} INFO - There are 0 files in /opt/airflow/dags
[2024-08-26 22:32:23,945] {manager.py:690} INFO - Searching for files in /opt/airflow/dags
[2024-08-26 22:32:23,961] {manager.py:693} INFO - There are 0 files in /opt/airflow/dags
[2024-08-26 22:33:12,741] {manager.py:462} INFO - Exiting gracefully upon receiving signal 15
[2024-08-26 22:33:28,593] {manager.py:480} INFO - Processing files using up to 2 processes at a time 
[2024-08-26 22:33:28,595] {manager.py:481} INFO - Process each file at most once every 10 seconds
[2024-08-26 22:33:28,595] {manager.py:483} INFO - Checking for new files in /opt/airflow/dags every 300 seconds
[2024-08-26 22:33:28,597] {manager.py:690} INFO - Searching for files in /opt/airflow/dags
[2024-08-26 22:33:28,600] {manager.py:693} INFO - There are 0 files in /opt/airflow/dags
[2024-08-26 22:34:43,293] {manager.py:462} INFO - Exiting gracefully upon receiving signal 15
[2024-08-26 22:34:54,768] {manager.py:480} INFO - Processing files using up to 2 processes at a time 
[2024-08-26 22:34:54,769] {manager.py:481} INFO - Process each file at most once every 10 seconds
[2024-08-26 22:34:54,769] {manager.py:483} INFO - Checking for new files in /opt/airflow/dags every 300 seconds
[2024-08-26 22:34:54,769] {manager.py:690} INFO - Searching for files in /opt/airflow/dags
[2024-08-26 22:34:54,770] {manager.py:693} INFO - There are 1 files in /opt/airflow/dags
[2024-08-26 22:34:54,810] {manager.py:809} INFO - 
================================================================================
DAG File Processing Stats

File Path                            PID  Runtime      # DAGs    # Errors  Last Runtime    Last Run
---------------------------------  -----  ---------  --------  ----------  --------------  ----------
/opt/airflow/dags/dag-postgres.py    172  0.01s             0           0
================================================================================
[2024-08-26 22:35:25,257] {manager.py:809} INFO - 
================================================================================
DAG File Processing Stats

File Path                          PID    Runtime      # DAGs    # Errors  Last Runtime    Last Run
---------------------------------  -----  ---------  --------  ----------  --------------  -------------------
/opt/airflow/dags/dag-postgres.py                           1           0  0.13s           2024-08-26T22:35:15
================================================================================
[2024-08-26 22:35:54,672] {manager.py:462} INFO - Exiting gracefully upon receiving signal 15
[2024-08-26 22:36:05,740] {manager.py:480} INFO - Processing files using up to 2 processes at a time 
[2024-08-26 22:36:05,740] {manager.py:481} INFO - Process each file at most once every 10 seconds
[2024-08-26 22:36:05,740] {manager.py:483} INFO - Checking for new files in /opt/airflow/dags every 300 seconds
[2024-08-26 22:36:05,740] {manager.py:690} INFO - Searching for files in /opt/airflow/dags
[2024-08-26 22:36:05,742] {manager.py:693} INFO - There are 1 files in /opt/airflow/dags
[2024-08-26 22:36:05,770] {manager.py:809} INFO - 
================================================================================
DAG File Processing Stats

File Path                            PID  Runtime      # DAGs    # Errors  Last Runtime    Last Run
---------------------------------  -----  ---------  --------  ----------  --------------  ----------
/opt/airflow/dags/dag-postgres.py    173  0.01s             0           0
================================================================================
[2024-08-26 22:36:36,046] {manager.py:809} INFO - 
================================================================================
DAG File Processing Stats

File Path                          PID    Runtime      # DAGs    # Errors  Last Runtime    Last Run
---------------------------------  -----  ---------  --------  ----------  --------------  -------------------
/opt/airflow/dags/dag-postgres.py                           1           0  0.10s           2024-08-26T22:36:26
================================================================================
[2024-08-26 22:37:06,456] {manager.py:809} INFO - 
================================================================================
DAG File Processing Stats

File Path                          PID    Runtime      # DAGs    # Errors  Last Runtime    Last Run
---------------------------------  -----  ---------  --------  ----------  --------------  -------------------
/opt/airflow/dags/dag-postgres.py                           1           0  0.15s           2024-08-26T22:36:56
================================================================================
[2024-08-26 22:37:36,993] {manager.py:809} INFO - 
================================================================================
DAG File Processing Stats

File Path                          PID    Runtime      # DAGs    # Errors  Last Runtime    Last Run
---------------------------------  -----  ---------  --------  ----------  --------------  -------------------
/opt/airflow/dags/dag-postgres.py                           1           0  0.12s           2024-08-26T22:37:27
================================================================================
[2024-08-26 22:38:07,522] {manager.py:809} INFO - 
================================================================================
DAG File Processing Stats

File Path                          PID    Runtime      # DAGs    # Errors  Last Runtime    Last Run
---------------------------------  -----  ---------  --------  ----------  --------------  -------------------
/opt/airflow/dags/dag-postgres.py                           1           0  0.13s           2024-08-26T22:37:57
================================================================================
[2024-08-26 22:38:38,087] {manager.py:809} INFO - 
================================================================================
DAG File Processing Stats

File Path                          PID    Runtime      # DAGs    # Errors  Last Runtime    Last Run
---------------------------------  -----  ---------  --------  ----------  --------------  -------------------
/opt/airflow/dags/dag-postgres.py                           1           0  0.14s           2024-08-26T22:38:28
================================================================================
[2024-08-26 22:39:08,502] {manager.py:809} INFO - 
================================================================================
DAG File Processing Stats

File Path                          PID    Runtime      # DAGs    # Errors  Last Runtime    Last Run
---------------------------------  -----  ---------  --------  ----------  --------------  -------------------
/opt/airflow/dags/dag-postgres.py                           1           0  0.12s           2024-08-26T22:38:58
================================================================================
[2024-08-26 22:39:39,042] {manager.py:809} INFO - 
================================================================================
DAG File Processing Stats

File Path                          PID    Runtime      # DAGs    # Errors  Last Runtime    Last Run
---------------------------------  -----  ---------  --------  ----------  --------------  -------------------
/opt/airflow/dags/dag-postgres.py                           1           0  0.11s           2024-08-26T22:39:29
================================================================================
[2024-08-26 22:40:09,554] {manager.py:809} INFO - 
================================================================================
DAG File Processing Stats

File Path                            PID  Runtime      # DAGs    # Errors  Last Runtime    Last Run
---------------------------------  -----  ---------  --------  ----------  --------------  -------------------
/opt/airflow/dags/dag-postgres.py    297  0.03s             1           0  0.09s           2024-08-26T22:39:59
================================================================================
[2024-08-26 22:40:39,994] {manager.py:809} INFO - 
================================================================================
DAG File Processing Stats

File Path                          PID    Runtime      # DAGs    # Errors  Last Runtime    Last Run
---------------------------------  -----  ---------  --------  ----------  --------------  -------------------
/opt/airflow/dags/dag-postgres.py                           1           0  0.13s           2024-08-26T22:40:30
================================================================================
[2024-08-26 22:41:06,533] {manager.py:690} INFO - Searching for files in /opt/airflow/dags
[2024-08-26 22:41:06,541] {manager.py:693} INFO - There are 1 files in /opt/airflow/dags
[2024-08-26 22:41:10,599] {manager.py:809} INFO - 
================================================================================
DAG File Processing Stats

File Path                          PID    Runtime      # DAGs    # Errors  Last Runtime    Last Run
---------------------------------  -----  ---------  --------  ----------  --------------  -------------------
/opt/airflow/dags/dag-postgres.py                           1           0  0.13s           2024-08-26T22:41:00
================================================================================
[2024-08-26 22:41:41,074] {manager.py:809} INFO - 
================================================================================
DAG File Processing Stats

File Path                          PID    Runtime      # DAGs    # Errors  Last Runtime    Last Run
---------------------------------  -----  ---------  --------  ----------  --------------  -------------------
/opt/airflow/dags/dag-postgres.py                           1           0  0.11s           2024-08-26T22:41:31
================================================================================
[2024-08-26 22:42:11,512] {manager.py:809} INFO - 
================================================================================
DAG File Processing Stats

File Path                          PID    Runtime      # DAGs    # Errors  Last Runtime    Last Run
---------------------------------  -----  ---------  --------  ----------  --------------  -------------------
/opt/airflow/dags/dag-postgres.py                           1           0  0.10s           2024-08-26T22:42:01
================================================================================
[2024-08-26 22:42:41,984] {manager.py:809} INFO - 
================================================================================
DAG File Processing Stats

File Path                          PID    Runtime      # DAGs    # Errors  Last Runtime    Last Run
---------------------------------  -----  ---------  --------  ----------  --------------  -------------------
/opt/airflow/dags/dag-postgres.py                           1           0  0.11s           2024-08-26T22:42:39
================================================================================
[2024-08-26 22:43:12,458] {manager.py:809} INFO - 
================================================================================
DAG File Processing Stats

File Path                          PID    Runtime      # DAGs    # Errors  Last Runtime    Last Run
---------------------------------  -----  ---------  --------  ----------  --------------  -------------------
/opt/airflow/dags/dag-postgres.py                           1           0  0.08s           2024-08-26T22:43:09
================================================================================
[2024-08-26 22:43:42,841] {manager.py:809} INFO - 
================================================================================
DAG File Processing Stats

File Path                          PID    Runtime      # DAGs    # Errors  Last Runtime    Last Run
---------------------------------  -----  ---------  --------  ----------  --------------  -------------------
/opt/airflow/dags/dag-postgres.py                           1           0  0.14s           2024-08-26T22:43:32
================================================================================
[2024-08-26 22:44:13,414] {manager.py:809} INFO - 
================================================================================
DAG File Processing Stats

File Path                          PID    Runtime      # DAGs    # Errors  Last Runtime    Last Run
---------------------------------  -----  ---------  --------  ----------  --------------  -------------------
/opt/airflow/dags/dag-postgres.py                           1           0  0.12s           2024-08-26T22:44:03
================================================================================
[2024-08-26 22:44:43,880] {manager.py:809} INFO - 
================================================================================
DAG File Processing Stats

File Path                          PID    Runtime      # DAGs    # Errors  Last Runtime    Last Run
---------------------------------  -----  ---------  --------  ----------  --------------  -------------------
/opt/airflow/dags/dag-postgres.py                           1           0  0.13s           2024-08-26T22:44:33
================================================================================
[2024-08-26 22:45:14,394] {manager.py:809} INFO - 
================================================================================
DAG File Processing Stats

File Path                          PID    Runtime      # DAGs    # Errors  Last Runtime    Last Run
---------------------------------  -----  ---------  --------  ----------  --------------  -------------------
/opt/airflow/dags/dag-postgres.py                           1           0  0.16s           2024-08-26T22:45:04
================================================================================
[2024-08-26 22:45:44,988] {manager.py:809} INFO - 
================================================================================
DAG File Processing Stats

File Path                            PID  Runtime      # DAGs    # Errors  Last Runtime    Last Run
---------------------------------  -----  ---------  --------  ----------  --------------  -------------------
/opt/airflow/dags/dag-postgres.py    467  0.01s             1           0  0.08s           2024-08-26T22:45:34
================================================================================
[2024-08-26 22:46:07,392] {manager.py:690} INFO - Searching for files in /opt/airflow/dags
[2024-08-26 22:46:07,402] {manager.py:693} INFO - There are 1 files in /opt/airflow/dags
[2024-08-26 22:46:15,484] {manager.py:809} INFO - 
================================================================================
DAG File Processing Stats

File Path                          PID    Runtime      # DAGs    # Errors  Last Runtime    Last Run
---------------------------------  -----  ---------  --------  ----------  --------------  -------------------
/opt/airflow/dags/dag-postgres.py                           1           0  0.12s           2024-08-26T22:46:05
================================================================================
[2024-08-26 22:46:45,897] {manager.py:809} INFO - 
================================================================================
DAG File Processing Stats

File Path                          PID    Runtime      # DAGs    # Errors  Last Runtime    Last Run
---------------------------------  -----  ---------  --------  ----------  --------------  -------------------
/opt/airflow/dags/dag-postgres.py                           1           0  0.11s           2024-08-26T22:46:35
================================================================================
[2024-08-26 22:47:16,413] {manager.py:809} INFO - 
================================================================================
DAG File Processing Stats

File Path                          PID    Runtime      # DAGs    # Errors  Last Runtime    Last Run
---------------------------------  -----  ---------  --------  ----------  --------------  -------------------
/opt/airflow/dags/dag-postgres.py                           1           0  0.15s           2024-08-26T22:47:06
================================================================================
[2024-08-26 22:47:28,449] {manager.py:462} INFO - Exiting gracefully upon receiving signal 15
[2024-08-26 22:47:53,124] {manager.py:480} INFO - Processing files using up to 2 processes at a time 
[2024-08-26 22:47:53,126] {manager.py:481} INFO - Process each file at most once every 10 seconds
[2024-08-26 22:47:53,126] {manager.py:483} INFO - Checking for new files in /opt/airflow/dags every 300 seconds
[2024-08-26 22:47:53,127] {manager.py:690} INFO - Searching for files in /opt/airflow/dags
[2024-08-26 22:47:53,137] {manager.py:693} INFO - There are 1 files in /opt/airflow/dags
[2024-08-26 22:47:53,163] {manager.py:809} INFO - 
================================================================================
DAG File Processing Stats

File Path                            PID  Runtime      # DAGs    # Errors  Last Runtime    Last Run
---------------------------------  -----  ---------  --------  ----------  --------------  ----------
/opt/airflow/dags/dag-postgres.py    173  0.01s             0           0
================================================================================
[2024-08-26 22:48:23,514] {manager.py:809} INFO - 
================================================================================
DAG File Processing Stats

File Path                          PID    Runtime      # DAGs    # Errors  Last Runtime    Last Run
---------------------------------  -----  ---------  --------  ----------  --------------  -------------------
/opt/airflow/dags/dag-postgres.py                           1           0  0.12s           2024-08-26T22:48:13
================================================================================
[2024-08-26 22:48:54,082] {manager.py:809} INFO - 
================================================================================
DAG File Processing Stats

File Path                          PID    Runtime      # DAGs    # Errors  Last Runtime    Last Run
---------------------------------  -----  ---------  --------  ----------  --------------  -------------------
/opt/airflow/dags/dag-postgres.py                           1           0  0.15s           2024-08-26T22:48:44
================================================================================
[2024-08-26 22:49:24,670] {manager.py:809} INFO - 
================================================================================
DAG File Processing Stats

File Path                          PID    Runtime      # DAGs    # Errors  Last Runtime    Last Run
---------------------------------  -----  ---------  --------  ----------  --------------  -------------------
/opt/airflow/dags/dag-postgres.py                           1           0  0.17s           2024-08-26T22:49:14
================================================================================
[2024-08-26 22:49:55,263] {manager.py:809} INFO - 
================================================================================
DAG File Processing Stats

File Path                          PID    Runtime      # DAGs    # Errors  Last Runtime    Last Run
---------------------------------  -----  ---------  --------  ----------  --------------  -------------------
/opt/airflow/dags/dag-postgres.py                           1           0  0.12s           2024-08-26T22:49:45
================================================================================
[2024-08-26 22:50:25,706] {manager.py:809} INFO - 
================================================================================
DAG File Processing Stats

File Path                          PID    Runtime      # DAGs    # Errors  Last Runtime    Last Run
---------------------------------  -----  ---------  --------  ----------  --------------  -------------------
/opt/airflow/dags/dag-postgres.py                           1           0  0.12s           2024-08-26T22:50:15
================================================================================
[2024-08-26 22:50:56,289] {manager.py:809} INFO - 
================================================================================
DAG File Processing Stats

File Path                          PID    Runtime      # DAGs    # Errors  Last Runtime    Last Run
---------------------------------  -----  ---------  --------  ----------  --------------  -------------------
/opt/airflow/dags/dag-postgres.py                           1           0  0.20s           2024-08-26T22:50:46
================================================================================
[2024-08-26 22:51:26,896] {manager.py:809} INFO - 
================================================================================
DAG File Processing Stats

File Path                          PID    Runtime      # DAGs    # Errors  Last Runtime    Last Run
---------------------------------  -----  ---------  --------  ----------  --------------  -------------------
/opt/airflow/dags/dag-postgres.py                           1           0  0.09s           2024-08-26T22:51:16
================================================================================
[2024-08-26 22:51:57,353] {manager.py:809} INFO - 
================================================================================
DAG File Processing Stats

File Path                            PID  Runtime      # DAGs    # Errors  Last Runtime    Last Run
---------------------------------  -----  ---------  --------  ----------  --------------  -------------------
/opt/airflow/dags/dag-postgres.py    299  0.03s             1           0  0.13s           2024-08-26T22:51:47
================================================================================
[2024-08-26 22:52:27,829] {manager.py:809} INFO - 
================================================================================
DAG File Processing Stats

File Path                          PID    Runtime      # DAGs    # Errors  Last Runtime    Last Run
---------------------------------  -----  ---------  --------  ----------  --------------  -------------------
/opt/airflow/dags/dag-postgres.py                           1           0  0.13s           2024-08-26T22:52:17
================================================================================
[2024-08-26 22:52:53,370] {manager.py:690} INFO - Searching for files in /opt/airflow/dags
[2024-08-26 22:52:53,378] {manager.py:693} INFO - There are 1 files in /opt/airflow/dags
[2024-08-26 22:52:58,446] {manager.py:809} INFO - 
================================================================================
DAG File Processing Stats

File Path                            PID  Runtime      # DAGs    # Errors  Last Runtime    Last Run
---------------------------------  -----  ---------  --------  ----------  --------------  -------------------
/opt/airflow/dags/dag-postgres.py    329  0.01s             1           0  0.11s           2024-08-26T22:52:48
================================================================================
[2024-08-26 22:53:28,886] {manager.py:809} INFO - 
================================================================================
DAG File Processing Stats

File Path                          PID    Runtime      # DAGs    # Errors  Last Runtime    Last Run
---------------------------------  -----  ---------  --------  ----------  --------------  -------------------
/opt/airflow/dags/dag-postgres.py                           1           0  0.15s           2024-08-26T22:53:18
================================================================================
[2024-08-26 22:53:59,501] {manager.py:809} INFO - 
================================================================================
DAG File Processing Stats

File Path                            PID  Runtime      # DAGs    # Errors  Last Runtime    Last Run
---------------------------------  -----  ---------  --------  ----------  --------------  -------------------
/opt/airflow/dags/dag-postgres.py    359  0.02s             1           0  0.09s           2024-08-26T22:53:49
================================================================================
[2024-08-26 22:54:29,998] {manager.py:809} INFO - 
================================================================================
DAG File Processing Stats

File Path                          PID    Runtime      # DAGs    # Errors  Last Runtime    Last Run
---------------------------------  -----  ---------  --------  ----------  --------------  -------------------
/opt/airflow/dags/dag-postgres.py                           1           0  0.17s           2024-08-26T22:54:20
================================================================================
[2024-08-26 22:55:00,619] {manager.py:809} INFO - 
================================================================================
DAG File Processing Stats

File Path                          PID    Runtime      # DAGs    # Errors  Last Runtime    Last Run
---------------------------------  -----  ---------  --------  ----------  --------------  -------------------
/opt/airflow/dags/dag-postgres.py                           1           0  0.14s           2024-08-26T22:54:50
================================================================================
[2024-08-26 22:55:31,196] {manager.py:809} INFO - 
================================================================================
DAG File Processing Stats

File Path                          PID    Runtime      # DAGs    # Errors  Last Runtime    Last Run
---------------------------------  -----  ---------  --------  ----------  --------------  -------------------
/opt/airflow/dags/dag-postgres.py                           1           0  0.15s           2024-08-26T22:55:21
================================================================================
[2024-08-26 22:56:01,844] {manager.py:809} INFO - 
================================================================================
DAG File Processing Stats

File Path                            PID  Runtime      # DAGs    # Errors  Last Runtime    Last Run
---------------------------------  -----  ---------  --------  ----------  --------------  -------------------
/opt/airflow/dags/dag-postgres.py    419  0.03s             1           0  0.10s           2024-08-26T22:55:51
================================================================================
[2024-08-26 22:56:32,293] {manager.py:809} INFO - 
================================================================================
DAG File Processing Stats

File Path                          PID    Runtime      # DAGs    # Errors  Last Runtime    Last Run
---------------------------------  -----  ---------  --------  ----------  --------------  -------------------
/opt/airflow/dags/dag-postgres.py                           1           0  0.12s           2024-08-26T22:56:22
================================================================================
[2024-08-26 22:57:02,850] {manager.py:809} INFO - 
================================================================================
DAG File Processing Stats

File Path                          PID    Runtime      # DAGs    # Errors  Last Runtime    Last Run
---------------------------------  -----  ---------  --------  ----------  --------------  -------------------
/opt/airflow/dags/dag-postgres.py                           1           0  0.14s           2024-08-26T22:56:52
================================================================================
[2024-08-26 22:57:33,419] {manager.py:809} INFO - 
================================================================================
DAG File Processing Stats

File Path                          PID    Runtime      # DAGs    # Errors  Last Runtime    Last Run
---------------------------------  -----  ---------  --------  ----------  --------------  -------------------
/opt/airflow/dags/dag-postgres.py                           1           0  0.13s           2024-08-26T22:57:23
================================================================================
[2024-08-26 22:57:53,781] {manager.py:690} INFO - Searching for files in /opt/airflow/dags
[2024-08-26 22:57:53,792] {manager.py:693} INFO - There are 1 files in /opt/airflow/dags
[2024-08-26 22:58:03,919] {manager.py:809} INFO - 
================================================================================
DAG File Processing Stats

File Path                          PID    Runtime      # DAGs    # Errors  Last Runtime    Last Run
---------------------------------  -----  ---------  --------  ----------  --------------  -------------------
/opt/airflow/dags/dag-postgres.py                           1           0  0.11s           2024-08-26T22:57:53
================================================================================
[2024-08-26 22:58:34,387] {manager.py:809} INFO - 
================================================================================
DAG File Processing Stats

File Path                          PID    Runtime      # DAGs    # Errors  Last Runtime    Last Run
---------------------------------  -----  ---------  --------  ----------  --------------  -------------------
/opt/airflow/dags/dag-postgres.py                           1           0  0.08s           2024-08-26T22:58:24
================================================================================
[2024-08-26 22:59:04,934] {manager.py:809} INFO - 
================================================================================
DAG File Processing Stats

File Path                          PID    Runtime      # DAGs    # Errors  Last Runtime    Last Run
---------------------------------  -----  ---------  --------  ----------  --------------  -------------------
/opt/airflow/dags/dag-postgres.py                           1           0  0.10s           2024-08-26T22:58:57
================================================================================
[2024-08-26 22:59:32,846] {manager.py:462} INFO - Exiting gracefully upon receiving signal 15
[2024-08-26 23:00:08,990] {manager.py:480} INFO - Processing files using up to 2 processes at a time 
[2024-08-26 23:00:08,991] {manager.py:481} INFO - Process each file at most once every 10 seconds
[2024-08-26 23:00:08,991] {manager.py:483} INFO - Checking for new files in /opt/airflow/dags every 300 seconds
[2024-08-26 23:00:08,991] {manager.py:690} INFO - Searching for files in /opt/airflow/dags
[2024-08-26 23:00:08,993] {manager.py:693} INFO - There are 1 files in /opt/airflow/dags
[2024-08-26 23:00:09,019] {manager.py:809} INFO - 
================================================================================
DAG File Processing Stats

File Path                            PID  Runtime      # DAGs    # Errors  Last Runtime    Last Run
---------------------------------  -----  ---------  --------  ----------  --------------  ----------
/opt/airflow/dags/dag-postgres.py    172  0.01s             0           0
================================================================================
[2024-08-26 23:00:39,467] {manager.py:809} INFO - 
================================================================================
DAG File Processing Stats

File Path                          PID    Runtime      # DAGs    # Errors  Last Runtime    Last Run
---------------------------------  -----  ---------  --------  ----------  --------------  -------------------
/opt/airflow/dags/dag-postgres.py                           1           0  0.13s           2024-08-26T23:00:29
================================================================================
[2024-08-26 23:01:09,995] {manager.py:809} INFO - 
================================================================================
DAG File Processing Stats

File Path                          PID    Runtime      # DAGs    # Errors  Last Runtime    Last Run
---------------------------------  -----  ---------  --------  ----------  --------------  -------------------
/opt/airflow/dags/dag-postgres.py                           1           0  0.13s           2024-08-26T23:01:00
================================================================================
[2024-08-26 23:01:40,585] {manager.py:809} INFO - 
================================================================================
DAG File Processing Stats

File Path                          PID    Runtime      # DAGs    # Errors  Last Runtime    Last Run
---------------------------------  -----  ---------  --------  ----------  --------------  -------------------
/opt/airflow/dags/dag-postgres.py                           1           0  0.13s           2024-08-26T23:01:30
================================================================================
[2024-08-26 23:02:11,210] {manager.py:809} INFO - 
================================================================================
DAG File Processing Stats

File Path                            PID  Runtime      # DAGs    # Errors  Last Runtime    Last Run
---------------------------------  -----  ---------  --------  ----------  --------------  -------------------
/opt/airflow/dags/dag-postgres.py    239  0.02s             1           0  0.11s           2024-08-26T23:02:01
================================================================================
[2024-08-26 23:02:41,672] {manager.py:809} INFO - 
================================================================================
DAG File Processing Stats

File Path                          PID    Runtime      # DAGs    # Errors  Last Runtime    Last Run
---------------------------------  -----  ---------  --------  ----------  --------------  -------------------
/opt/airflow/dags/dag-postgres.py                           1           0  0.13s           2024-08-26T23:02:31
================================================================================
[2024-08-26 23:03:12,282] {manager.py:809} INFO - 
================================================================================
DAG File Processing Stats

File Path                          PID    Runtime      # DAGs    # Errors  Last Runtime    Last Run
---------------------------------  -----  ---------  --------  ----------  --------------  -------------------
/opt/airflow/dags/dag-postgres.py                           1           0  0.14s           2024-08-26T23:03:02
================================================================================
[2024-08-26 23:03:42,861] {manager.py:809} INFO - 
================================================================================
DAG File Processing Stats

File Path                          PID    Runtime      # DAGs    # Errors  Last Runtime    Last Run
---------------------------------  -----  ---------  --------  ----------  --------------  -------------------
/opt/airflow/dags/dag-postgres.py                           1           0  0.14s           2024-08-26T23:03:32
================================================================================
[2024-08-26 23:03:57,953] {manager.py:462} INFO - Exiting gracefully upon receiving signal 15
